<?xml version="1.0" encoding="UTF-8"?>
<!-- Generated by org.testng.reporters.JUnitReportReporter -->
<testsuite hostname="DESKTOP-MN6P9BO" failures="0" tests="2" name="Test_Cases.Project_TestNg" time="137.736" errors="0" timestamp="2020-03-25T22:18:00 IST" skipped="0">
  <testcase classname="Test_Cases.Project_TestNg" name="Logindata" time="74.777"/>
  <testcase classname="Test_Cases.Project_TestNg" name="Logindata" time="62.959"/>
</testsuite> <!-- Test_Cases.Project_TestNg -->
