<?xml version="1.0" encoding="UTF-8"?>
<!-- Generated by org.testng.reporters.JUnitReportReporter -->
<testsuite hostname="DESKTOP-MN6P9BO" failures="0" tests="2" name="Test_Cases.Project_TestNg_ch" time="171.607" errors="0" timestamp="2020-03-25T22:36:01 IST" skipped="0">
  <testcase classname="Test_Cases.Project_TestNg_ch" name="Logindata" time="91.099"/>
  <testcase classname="Test_Cases.Project_TestNg_ch" name="Logindata" time="80.508"/>
</testsuite> <!-- Test_Cases.Project_TestNg_ch -->
